<?xml version="1.0" encoding="UTF-8"?>
<!-- Generated by org.testng.reporters.JUnitReportReporter -->
<testsuite hostname="User" failures="0" tests="3" name="com.mindtree.runner.TestRunner" time="78.787" errors="0" timestamp="2022-01-02T20:55:54 IST" skipped="0">
  <testcase classname="com.mindtree.runner.TestRunner" name="runScenario" time="17.579"/>
  <testcase classname="com.mindtree.runner.TestRunner" name="runScenario" time="38.566"/>
  <testcase classname="com.mindtree.runner.TestRunner" name="runScenario" time="22.642"/>
</testsuite> <!-- com.mindtree.runner.TestRunner -->
