<?xml version="1.0" encoding="UTF-8"?>
<!-- Generated by org.testng.reporters.JUnitReportReporter -->
<testsuite hostname="User" failures="0" tests="3" name="com.mindtree.runner.TestRunner" time="77.455" errors="0" timestamp="2022-01-02T21:00:00 IST" skipped="0">
  <testcase classname="com.mindtree.runner.TestRunner" name="runScenario" time="16.947"/>
  <testcase classname="com.mindtree.runner.TestRunner" name="runScenario" time="28.923"/>
  <testcase classname="com.mindtree.runner.TestRunner" name="runScenario" time="31.585"/>
</testsuite> <!-- com.mindtree.runner.TestRunner -->
